<?xml version="1.0" encoding="UTF-8"?>
<!-- Generated by org.testng.reporters.JUnitReportReporter -->
<testsuite hostname="DESKTOP-87NE48G" failures="0" tests="1" name="Home.login" time="52.944" errors="0" timestamp="2024-07-08T18:56:48 IST" skipped="0">
  <testcase classname="Home.login" name="signIn" time="52.944"/>
  <system-out/>
</testsuite> <!-- Home.login -->
