<?xml version="1.0" encoding="UTF-8"?>
<!-- Generated by org.testng.reporters.JUnitReportReporter -->
<testsuite hostname="DESKTOP-87NE48G" failures="0" tests="5" name="testNGBasic.threadPollsizeExample" time="127.801" errors="0" timestamp="2024-07-08T21:34:54 IST" skipped="0">
  <testcase classname="testNGBasic.threadPollsizeExample" name="TC_openUrl" time="29.182"/>
  <system-out/>
  <testcase classname="testNGBasic.threadPollsizeExample" name="TC_openUrl" time="29.176"/>
  <system-out/>
  <testcase classname="testNGBasic.threadPollsizeExample" name="TC_openUrl" time="20.139"/>
  <system-out/>
  <testcase classname="testNGBasic.threadPollsizeExample" name="TC_openUrl" time="29.179"/>
  <system-out/>
  <testcase classname="testNGBasic.threadPollsizeExample" name="TC_openUrl" time="20.125"/>
  <system-out/>
</testsuite> <!-- testNGBasic.threadPollsizeExample -->
