<?xml version="1.0" encoding="UTF-8"?>
<!-- Generated by org.testng.reporters.JUnitReportReporter -->
<testsuite hostname="DESKTOP-87NE48G" failures="0" tests="4" name="testNGBasic.dedpendencies" time="24.872" errors="0" timestamp="2024-07-09T12:35:00 IST" skipped="0">
  <testcase classname="testNGBasic.dedpendencies" name="TC1_openUrl" time="23.569"/>
  <system-out/>
  <testcase classname="testNGBasic.dedpendencies" name="TC3_verifyingTitle" time="0.222"/>
  <system-out/>
  <testcase classname="testNGBasic.dedpendencies" name="TC4_verifyingTitle2" time="0.028"/>
  <system-out/>
  <testcase classname="testNGBasic.dedpendencies" name="TC2_Maximize" time="1.053"/>
  <system-out/>
</testsuite> <!-- testNGBasic.dedpendencies -->
