<?xml version="1.0" encoding="UTF-8"?>
<!-- Generated by org.testng.reporters.JUnitReportReporter -->
<testsuite hostname="DESKTOP-87NE48G" failures="0" tests="2" name="testNGBasic.testNganotation" time="0.029" errors="0" timestamp="2024-07-16T20:52:18 IST" skipped="0">
  <testcase classname="testNGBasic.testNganotation" name="Test1" time="0.019"/>
  <system-out/>
  <testcase classname="testNGBasic.testNganotation" name="Test2" time="0.010"/>
  <system-out/>
</testsuite> <!-- testNGBasic.testNganotation -->
